<?xml version="1.0" encoding="UTF-8"?>
<coverage generated="1589632153080" clover="3.2.0">
  <project timestamp="1589632153080" name="All files">
    <metrics statements="169" coveredstatements="120" conditionals="107" coveredconditionals="52" methods="49" coveredmethods="29" elements="325" coveredelements="201" complexity="0" loc="169" ncloc="169" packages="3" files="7" classes="7"/>
    <package name="src">
      <metrics statements="79" coveredstatements="46" conditionals="36" coveredconditionals="12" methods="27" coveredmethods="16"/>
      <file name="index.tsx" path="/var/www/react-tailwind-table/src/index.tsx">
        <metrics statements="4" coveredstatements="1" conditionals="0" coveredconditionals="0" methods="3" coveredmethods="0"/>
        <line num="9" count="1" type="stmt"/>
        <line num="11" count="0" type="stmt"/>
        <line num="23" count="0" type="stmt"/>
        <line num="44" count="0" type="stmt"/>
      </file>
      <file name="table.tsx" path="/var/www/react-tailwind-table/src/table.tsx">
        <metrics statements="75" coveredstatements="45" conditionals="36" coveredconditionals="12" methods="24" coveredmethods="16"/>
        <line num="37" count="2" type="stmt"/>
        <line num="44" count="2" type="stmt"/>
        <line num="56" count="3" type="stmt"/>
        <line num="58" count="3" type="stmt"/>
        <line num="60" count="3" type="stmt"/>
        <line num="71" count="3" type="stmt"/>
        <line num="95" count="0" type="cond" truecount="0" falsecount="4"/>
        <line num="97" count="0" type="stmt"/>
        <line num="98" count="0" type="stmt"/>
        <line num="102" count="0" type="cond" truecount="0" falsecount="2"/>
        <line num="103" count="0" type="cond" truecount="0" falsecount="2"/>
        <line num="105" count="0" type="stmt"/>
        <line num="106" count="0" type="stmt"/>
        <line num="117" count="3" type="stmt"/>
        <line num="123" count="3" type="stmt"/>
        <line num="124" count="0" type="stmt"/>
        <line num="125" count="0" type="cond" truecount="0" falsecount="2"/>
        <line num="126" count="0" type="stmt"/>
        <line num="129" count="0" type="stmt"/>
        <line num="131" count="0" type="stmt"/>
        <line num="135" count="3" type="stmt"/>
        <line num="137" count="0" type="stmt"/>
        <line num="138" count="0" type="stmt"/>
        <line num="141" count="0" type="cond" truecount="0" falsecount="2"/>
        <line num="144" count="0" type="cond" truecount="0" falsecount="2"/>
        <line num="145" count="0" type="stmt"/>
        <line num="151" count="0" type="stmt"/>
        <line num="157" count="0" type="cond" truecount="0" falsecount="2"/>
        <line num="159" count="0" type="stmt"/>
        <line num="165" count="3" type="stmt"/>
        <line num="169" count="0" type="stmt"/>
        <line num="170" count="0" type="cond" truecount="0" falsecount="2"/>
        <line num="173" count="0" type="stmt"/>
        <line num="175" count="0" type="stmt"/>
        <line num="180" count="3" type="stmt"/>
        <line num="181" count="1" type="stmt"/>
        <line num="182" count="1" type="cond" truecount="1" falsecount="1"/>
        <line num="183" count="0" type="stmt"/>
        <line num="186" count="1" type="stmt"/>
        <line num="188" count="1" type="stmt"/>
        <line num="191" count="3" type="stmt"/>
        <line num="192" count="0" type="stmt"/>
        <line num="193" count="0" type="cond" truecount="0" falsecount="2"/>
        <line num="195" count="0" type="stmt"/>
        <line num="198" count="0" type="stmt"/>
        <line num="204" count="1" type="stmt"/>
        <line num="206" count="1" type="stmt"/>
        <line num="208" count="1" type="stmt"/>
        <line num="210" count="1" type="stmt"/>
        <line num="213" count="1" type="stmt"/>
        <line num="214" count="1" type="stmt"/>
        <line num="220" count="1" type="stmt"/>
        <line num="233" count="4" type="stmt"/>
        <line num="234" count="4" type="stmt"/>
        <line num="235" count="4" type="stmt"/>
        <line num="236" count="4" type="stmt"/>
        <line num="237" count="4" type="cond" truecount="1" falsecount="1"/>
        <line num="239" count="4" type="stmt"/>
        <line num="242" count="4" type="stmt"/>
        <line num="243" count="4" type="stmt"/>
        <line num="246" count="4" type="stmt"/>
        <line num="249" count="4" type="stmt"/>
        <line num="261" count="4" type="stmt"/>
        <line num="262" count="4" type="stmt"/>
        <line num="264" count="12" type="stmt"/>
        <line num="267" count="4" type="stmt"/>
        <line num="283" count="12" type="stmt"/>
        <line num="293" count="7" type="stmt"/>
        <line num="325" count="4" type="stmt"/>
        <line num="332" count="8" type="stmt"/>
        <line num="333" count="0" type="stmt"/>
        <line num="350" count="7" type="stmt"/>
        <line num="354" count="21" type="stmt"/>
        <line num="365" count="4" type="stmt"/>
        <line num="385" count="21" type="stmt"/>
      </file>
      <file name="types.ts" path="/var/www/react-tailwind-table/src/types.ts">
        <metrics statements="0" coveredstatements="0" conditionals="0" coveredconditionals="0" methods="0" coveredmethods="0"/>
      </file>
    </package>
    <package name="src.svg-components">
      <metrics statements="3" coveredstatements="3" conditionals="6" coveredconditionals="4" methods="3" coveredmethods="3"/>
      <file name="LeftSvg.tsx" path="/var/www/react-tailwind-table/src/svg-components/LeftSvg.tsx">
        <metrics statements="1" coveredstatements="1" conditionals="2" coveredconditionals="1" methods="1" coveredmethods="1"/>
        <line num="6" count="4" type="stmt"/>
      </file>
      <file name="RightSvg.tsx" path="/var/www/react-tailwind-table/src/svg-components/RightSvg.tsx">
        <metrics statements="1" coveredstatements="1" conditionals="2" coveredconditionals="1" methods="1" coveredmethods="1"/>
        <line num="7" count="4" type="stmt"/>
      </file>
      <file name="ThreeDotsvg.tsx" path="/var/www/react-tailwind-table/src/svg-components/ThreeDotsvg.tsx">
        <metrics statements="1" coveredstatements="1" conditionals="2" coveredconditionals="2" methods="1" coveredmethods="1"/>
        <line num="6" count="4" type="stmt"/>
      </file>
    </package>
    <package name="src.utilities">
      <metrics statements="87" coveredstatements="71" conditionals="65" coveredconditionals="36" methods="19" coveredmethods="10"/>
      <file name="utils.ts" path="/var/www/react-tailwind-table/src/utilities/utils.ts">
        <metrics statements="87" coveredstatements="71" conditionals="65" coveredconditionals="36" methods="19" coveredmethods="10"/>
        <line num="19" count="2" type="stmt"/>
        <line num="20" count="7" type="stmt"/>
        <line num="21" count="7" type="stmt"/>
        <line num="22" count="7" type="stmt"/>
        <line num="23" count="2" type="stmt"/>
        <line num="24" count="2" type="stmt"/>
        <line num="29" count="7" type="cond" truecount="2" falsecount="0"/>
        <line num="32" count="7" type="cond" truecount="4" falsecount="0"/>
        <line num="44" count="3" type="stmt"/>
        <line num="45" count="1" type="stmt"/>
        <line num="54" count="3" type="stmt"/>
        <line num="55" count="1" type="stmt"/>
        <line num="67" count="24" type="stmt"/>
        <line num="68" count="24" type="stmt"/>
        <line num="69" count="24" type="cond" truecount="2" falsecount="0"/>
        <line num="70" count="15" type="stmt"/>
        <line num="73" count="9" type="stmt"/>
        <line num="75" count="9" type="stmt"/>
        <line num="78" count="9" type="stmt"/>
        <line num="80" count="20" type="stmt"/>
        <line num="83" count="20" type="stmt"/>
        <line num="95" count="9" type="stmt"/>
        <line num="100" count="3" type="stmt"/>
        <line num="102" count="3" type="stmt"/>
        <line num="105" count="3" type="stmt"/>
        <line num="107" count="3" type="stmt"/>
        <line num="109" count="3" type="stmt"/>
        <line num="110" count="3" type="stmt"/>
        <line num="111" count="3" type="stmt"/>
        <line num="112" count="3" type="stmt"/>
        <line num="114" count="3" type="stmt"/>
        <line num="115" count="6" type="stmt"/>
        <line num="117" count="6" type="stmt"/>
        <line num="121" count="6" type="stmt"/>
        <line num="123" count="6" type="stmt"/>
        <line num="125" count="6" type="stmt"/>
        <line num="127" count="6" type="stmt"/>
        <line num="135" count="6" type="cond" truecount="2" falsecount="0"/>
        <line num="136" count="3" type="stmt"/>
        <line num="140" count="6" type="stmt"/>
        <line num="143" count="6" type="stmt"/>
        <line num="146" count="3" type="stmt"/>
        <line num="164" count="583" type="stmt"/>
        <line num="167" count="583" type="cond" truecount="2" falsecount="0"/>
        <line num="170" count="582" type="cond" truecount="1" falsecount="1"/>
        <line num="173" count="582" type="cond" truecount="2" falsecount="0"/>
        <line num="174" count="582" type="cond" truecount="2" falsecount="0"/>
        <line num="175" count="582" type="cond" truecount="1" falsecount="1"/>
        <line num="180" count="582" type="cond" truecount="2" falsecount="0"/>
        <line num="184" count="474" type="cond" truecount="2" falsecount="0"/>
        <line num="185" count="2" type="stmt"/>
        <line num="187" count="216" type="cond" truecount="1" falsecount="1"/>
        <line num="190" count="472" type="stmt"/>
        <line num="192" count="799" type="cond" truecount="1" falsecount="1"/>
        <line num="193" count="799" type="cond" truecount="1" falsecount="1"/>
        <line num="199" count="474" type="stmt"/>
        <line num="209" count="1015" type="stmt"/>
        <line num="214" count="1015" type="cond" truecount="1" falsecount="1"/>
        <line num="216" count="0" type="cond" truecount="0" falsecount="2"/>
        <line num="220" count="1015" type="cond" truecount="2" falsecount="0"/>
        <line num="222" count="579" type="cond" truecount="1" falsecount="1"/>
        <line num="229" count="436" type="cond" truecount="1" falsecount="1"/>
        <line num="233" count="436" type="cond" truecount="1" falsecount="1"/>
        <line num="234" count="0" type="cond" truecount="0" falsecount="2"/>
        <line num="236" count="436" type="cond" truecount="1" falsecount="1"/>
        <line num="241" count="1015" type="stmt"/>
        <line num="260" count="0" type="cond" truecount="0" falsecount="4"/>
        <line num="265" count="0" type="cond" truecount="0" falsecount="4"/>
        <line num="268" count="0" type="stmt"/>
        <line num="271" count="0" type="cond" truecount="0" falsecount="2"/>
        <line num="275" count="0" type="stmt"/>
        <line num="279" count="0" type="stmt"/>
        <line num="286" count="1" type="stmt"/>
        <line num="287" count="1" type="stmt"/>
        <line num="288" count="3" type="cond" truecount="2" falsecount="0"/>
        <line num="289" count="1" type="stmt"/>
        <line num="293" count="2" type="stmt"/>
        <line num="296" count="1" type="stmt"/>
        <line num="303" count="0" type="cond" truecount="0" falsecount="4"/>
        <line num="319" count="0" type="stmt"/>
        <line num="323" count="0" type="stmt"/>
        <line num="324" count="0" type="stmt"/>
        <line num="339" count="0" type="stmt"/>
        <line num="341" count="0" type="stmt"/>
        <line num="345" count="3" type="stmt"/>
        <line num="348" count="0" type="stmt"/>
        <line num="361" count="0" type="stmt"/>
      </file>
    </package>
  </project>
</coverage>
