{"/var/www/react-tailwind-table/src/index.tsx": {"path":"/var/www/react-tailwind-table/src/index.tsx","statementMap":{"0":{"start":{"line":9,"column":32},"end":{"line":17,"column":1}},"1":{"start":{"line":11,"column":2},"end":{"line":14,"column":21}},"2":{"start":{"line":23,"column":4},"end":{"line":38,"column":8}},"3":{"start":{"line":44,"column":4},"end":{"line":103,"column":7}}},"fnMap":{"0":{"name":"(anonymous_0)","decl":{"start":{"line":9,"column":32},"end":{"line":9,"column":33}},"loc":{"start":{"line":9,"column":53},"end":{"line":17,"column":1}},"line":9},"1":{"name":"column","decl":{"start":{"line":22,"column":10},"end":{"line":22,"column":16}},"loc":{"start":{"line":22,"column":19},"end":{"line":39,"column":3}},"line":22},"2":{"name":"fakePlayers","decl":{"start":{"line":42,"column":11},"end":{"line":42,"column":22}},"loc":{"start":{"line":42,"column":24},"end":{"line":104,"column":3}},"line":42}},"branchMap":{},"s":{"0":1,"1":0,"2":0,"3":0},"f":{"0":0,"1":0,"2":0},"b":{},"_coverageSchema":"43e27e138ebf9cfc5966b082cf9a028302ed4184","hash":"710d9771086287aaf2612a14cac38874289b8dc4"}
,"/var/www/react-tailwind-table/src/table.tsx": {"path":"/var/www/react-tailwind-table/src/table.tsx","statementMap":{"0":{"start":{"line":37,"column":24},"end":{"line":43,"column":3}},"1":{"start":{"line":44,"column":21},"end":{"line":53,"column":3}},"2":{"start":{"line":56,"column":4},"end":{"line":56,"column":17}},"3":{"start":{"line":58,"column":45},"end":{"line":58,"column":103}},"4":{"start":{"line":60,"column":4},"end":{"line":68,"column":5}},"5":{"start":{"line":71,"column":4},"end":{"line":71,"column":23}},"6":{"start":{"line":95,"column":4},"end":{"line":99,"column":5}},"7":{"start":{"line":97,"column":6},"end":{"line":97,"column":98}},"8":{"start":{"line":98,"column":6},"end":{"line":98,"column":13}},"9":{"start":{"line":102,"column":4},"end":{"line":107,"column":5}},"10":{"start":{"line":103,"column":21},"end":{"line":103,"column":82}},"11":{"start":{"line":105,"column":6},"end":{"line":105,"column":88}},"12":{"start":{"line":106,"column":6},"end":{"line":106,"column":13}},"13":{"start":{"line":117,"column":4},"end":{"line":117,"column":74}},"14":{"start":{"line":123,"column":29},"end":{"line":132,"column":3}},"15":{"start":{"line":124,"column":4},"end":{"line":124,"column":15}},"16":{"start":{"line":125,"column":4},"end":{"line":127,"column":5}},"17":{"start":{"line":126,"column":6},"end":{"line":126,"column":13}},"18":{"start":{"line":129,"column":28},"end":{"line":129,"column":61}},"19":{"start":{"line":131,"column":4},"end":{"line":131,"column":28}},"20":{"start":{"line":135,"column":24},"end":{"line":163,"column":3}},"21":{"start":{"line":137,"column":27},"end":{"line":137,"column":45}},"22":{"start":{"line":138,"column":26},"end":{"line":138,"column":90}},"23":{"start":{"line":141,"column":4},"end":{"line":162,"column":5}},"24":{"start":{"line":144,"column":6},"end":{"line":146,"column":7}},"25":{"start":{"line":145,"column":8},"end":{"line":145,"column":104}},"26":{"start":{"line":151,"column":6},"end":{"line":151,"column":85}},"27":{"start":{"line":157,"column":6},"end":{"line":161,"column":7}},"28":{"start":{"line":159,"column":8},"end":{"line":159,"column":101}},"29":{"start":{"line":165,"column":26},"end":{"line":178,"column":3}},"30":{"start":{"line":169,"column":25},"end":{"line":171,"column":6}},"31":{"start":{"line":170,"column":6},"end":{"line":170,"column":101}},"32":{"start":{"line":173,"column":4},"end":{"line":176,"column":7}},"33":{"start":{"line":175,"column":6},"end":{"line":175,"column":89}},"34":{"start":{"line":180,"column":32},"end":{"line":189,"column":3}},"35":{"start":{"line":181,"column":4},"end":{"line":181,"column":15}},"36":{"start":{"line":182,"column":4},"end":{"line":184,"column":5}},"37":{"start":{"line":183,"column":6},"end":{"line":183,"column":13}},"38":{"start":{"line":186,"column":28},"end":{"line":186,"column":61}},"39":{"start":{"line":188,"column":4},"end":{"line":188,"column":28}},"40":{"start":{"line":191,"column":27},"end":{"line":199,"column":3}},"41":{"start":{"line":192,"column":4},"end":{"line":192,"column":15}},"42":{"start":{"line":193,"column":4},"end":{"line":196,"column":5}},"43":{"start":{"line":195,"column":6},"end":{"line":195,"column":13}},"44":{"start":{"line":198,"column":4},"end":{"line":198,"column":30}},"45":{"start":{"line":204,"column":41},"end":{"line":204,"column":57}},"46":{"start":{"line":206,"column":4},"end":{"line":206,"column":84}},"47":{"start":{"line":208,"column":42},"end":{"line":208,"column":97}},"48":{"start":{"line":210,"column":4},"end":{"line":210,"column":37}},"49":{"start":{"line":213,"column":4},"end":{"line":213,"column":22}},"50":{"start":{"line":214,"column":4},"end":{"line":214,"column":20}},"51":{"start":{"line":220,"column":4},"end":{"line":228,"column":7}},"52":{"start":{"line":233,"column":22},"end":{"line":233,"column":33}},"53":{"start":{"line":234,"column":32},"end":{"line":234,"column":37}},"54":{"start":{"line":235,"column":35},"end":{"line":235,"column":40}},"55":{"start":{"line":236,"column":31},"end":{"line":236,"column":33}},"56":{"start":{"line":237,"column":4},"end":{"line":247,"column":5}},"57":{"start":{"line":239,"column":6},"end":{"line":239,"column":57}},"58":{"start":{"line":242,"column":6},"end":{"line":242,"column":86}},"59":{"start":{"line":243,"column":6},"end":{"line":243,"column":92}},"60":{"start":{"line":246,"column":6},"end":{"line":246,"column":70}},"61":{"start":{"line":249,"column":4},"end":{"line":256,"column":6}},"62":{"start":{"line":261,"column":18},"end":{"line":261,"column":35}},"63":{"start":{"line":262,"column":28},"end":{"line":265,"column":6}},"64":{"start":{"line":264,"column":6},"end":{"line":264,"column":45}},"65":{"start":{"line":267,"column":4},"end":{"line":318,"column":6}},"66":{"start":{"line":283,"column":20},"end":{"line":283,"column":125}},"67":{"start":{"line":293,"column":18},"end":{"line":293,"column":115}},"68":{"start":{"line":325,"column":2},"end":{"line":345,"column":4}},"69":{"start":{"line":332,"column":10},"end":{"line":339,"column":14}},"70":{"start":{"line":333,"column":34},"end":{"line":333,"column":75}},"71":{"start":{"line":350,"column":2},"end":{"line":358,"column":3}},"72":{"start":{"line":354,"column":10},"end":{"line":354,"column":104}},"73":{"start":{"line":365,"column":2},"end":{"line":378,"column":3}},"74":{"start":{"line":385,"column":2},"end":{"line":392,"column":3}}},"fnMap":{"0":{"name":"(anonymous_0)","decl":{"start":{"line":54,"column":2},"end":{"line":54,"column":3}},"loc":{"start":{"line":54,"column":35},"end":{"line":73,"column":3}},"line":54},"1":{"name":"(anonymous_1)","decl":{"start":{"line":88,"column":2},"end":{"line":88,"column":3}},"loc":{"start":{"line":88,"column":58},"end":{"line":109,"column":3}},"line":88},"2":{"name":"(anonymous_2)","decl":{"start":{"line":115,"column":2},"end":{"line":115,"column":3}},"loc":{"start":{"line":115,"column":61},"end":{"line":119,"column":3}},"line":115},"3":{"name":"(anonymous_3)","decl":{"start":{"line":123,"column":29},"end":{"line":123,"column":30}},"loc":{"start":{"line":123,"column":58},"end":{"line":132,"column":3}},"line":123},"4":{"name":"(anonymous_4)","decl":{"start":{"line":135,"column":24},"end":{"line":135,"column":25}},"loc":{"start":{"line":135,"column":78},"end":{"line":163,"column":3}},"line":135},"5":{"name":"(anonymous_5)","decl":{"start":{"line":165,"column":26},"end":{"line":165,"column":27}},"loc":{"start":{"line":165,"column":71},"end":{"line":178,"column":3}},"line":165},"6":{"name":"(anonymous_6)","decl":{"start":{"line":169,"column":50},"end":{"line":169,"column":51}},"loc":{"start":{"line":169,"column":63},"end":{"line":171,"column":5}},"line":169},"7":{"name":"(anonymous_7)","decl":{"start":{"line":173,"column":24},"end":{"line":173,"column":25}},"loc":{"start":{"line":173,"column":36},"end":{"line":176,"column":5}},"line":173},"8":{"name":"(anonymous_8)","decl":{"start":{"line":180,"column":32},"end":{"line":180,"column":33}},"loc":{"start":{"line":180,"column":61},"end":{"line":189,"column":3}},"line":180},"9":{"name":"(anonymous_9)","decl":{"start":{"line":191,"column":27},"end":{"line":191,"column":28}},"loc":{"start":{"line":191,"column":77},"end":{"line":199,"column":3}},"line":191},"10":{"name":"(anonymous_10)","decl":{"start":{"line":202,"column":2},"end":{"line":202,"column":3}},"loc":{"start":{"line":202,"column":38},"end":{"line":215,"column":3}},"line":202},"11":{"name":"(anonymous_11)","decl":{"start":{"line":218,"column":2},"end":{"line":218,"column":3}},"loc":{"start":{"line":218,"column":54},"end":{"line":229,"column":3}},"line":218},"12":{"name":"(anonymous_12)","decl":{"start":{"line":232,"column":2},"end":{"line":232,"column":3}},"loc":{"start":{"line":232,"column":89},"end":{"line":257,"column":3}},"line":232},"13":{"name":"(anonymous_13)","decl":{"start":{"line":260,"column":2},"end":{"line":260,"column":3}},"loc":{"start":{"line":260,"column":18},"end":{"line":319,"column":3}},"line":260},"14":{"name":"(anonymous_14)","decl":{"start":{"line":262,"column":49},"end":{"line":262,"column":50}},"loc":{"start":{"line":262,"column":70},"end":{"line":265,"column":5}},"line":262},"15":{"name":"(anonymous_15)","decl":{"start":{"line":282,"column":38},"end":{"line":282,"column":39}},"loc":{"start":{"line":283,"column":20},"end":{"line":283,"column":125}},"line":283},"16":{"name":"(anonymous_16)","decl":{"start":{"line":292,"column":83},"end":{"line":292,"column":84}},"loc":{"start":{"line":293,"column":18},"end":{"line":293,"column":115}},"line":293},"17":{"name":"Pagination","decl":{"start":{"line":323,"column":9},"end":{"line":323,"column":19}},"loc":{"start":{"line":323,"column":43},"end":{"line":346,"column":1}},"line":323},"18":{"name":"(anonymous_18)","decl":{"start":{"line":331,"column":47},"end":{"line":331,"column":48}},"loc":{"start":{"line":331,"column":64},"end":{"line":340,"column":9}},"line":331},"19":{"name":"(anonymous_19)","decl":{"start":{"line":333,"column":21},"end":{"line":333,"column":22}},"loc":{"start":{"line":333,"column":32},"end":{"line":333,"column":77}},"line":333},"20":{"name":"TableRow","decl":{"start":{"line":349,"column":9},"end":{"line":349,"column":17}},"loc":{"start":{"line":349,"column":85},"end":{"line":359,"column":1}},"line":349},"21":{"name":"(anonymous_21)","decl":{"start":{"line":353,"column":26},"end":{"line":353,"column":27}},"loc":{"start":{"line":353,"column":62},"end":{"line":355,"column":9}},"line":353},"22":{"name":"SearchForm","decl":{"start":{"line":362,"column":9},"end":{"line":362,"column":19}},"loc":{"start":{"line":362,"column":122},"end":{"line":379,"column":1}},"line":362},"23":{"name":"TableData","decl":{"start":{"line":381,"column":9},"end":{"line":381,"column":18}},"loc":{"start":{"line":381,"column":80},"end":{"line":393,"column":1}},"line":381}},"branchMap":{"0":{"loc":{"start":{"line":95,"column":4},"end":{"line":99,"column":5}},"type":"if","locations":[{"start":{"line":95,"column":4},"end":{"line":99,"column":5}},{"start":{"line":95,"column":4},"end":{"line":99,"column":5}}],"line":95},"1":{"loc":{"start":{"line":95,"column":8},"end":{"line":95,"column":72}},"type":"binary-expr","locations":[{"start":{"line":95,"column":8},"end":{"line":95,"column":26}},{"start":{"line":95,"column":30},"end":{"line":95,"column":72}}],"line":95},"2":{"loc":{"start":{"line":102,"column":4},"end":{"line":107,"column":5}},"type":"if","locations":[{"start":{"line":102,"column":4},"end":{"line":107,"column":5}},{"start":{"line":102,"column":4},"end":{"line":107,"column":5}}],"line":102},"3":{"loc":{"start":{"line":103,"column":21},"end":{"line":103,"column":82}},"type":"cond-expr","locations":[{"start":{"line":103,"column":42},"end":{"line":103,"column":60}},{"start":{"line":103,"column":63},"end":{"line":103,"column":82}}],"line":103},"4":{"loc":{"start":{"line":125,"column":4},"end":{"line":127,"column":5}},"type":"if","locations":[{"start":{"line":125,"column":4},"end":{"line":127,"column":5}},{"start":{"line":125,"column":4},"end":{"line":127,"column":5}}],"line":125},"5":{"loc":{"start":{"line":141,"column":4},"end":{"line":162,"column":5}},"type":"if","locations":[{"start":{"line":141,"column":4},"end":{"line":162,"column":5}},{"start":{"line":141,"column":4},"end":{"line":162,"column":5}}],"line":141},"6":{"loc":{"start":{"line":144,"column":6},"end":{"line":146,"column":7}},"type":"if","locations":[{"start":{"line":144,"column":6},"end":{"line":146,"column":7}},{"start":{"line":144,"column":6},"end":{"line":146,"column":7}}],"line":144},"7":{"loc":{"start":{"line":157,"column":6},"end":{"line":161,"column":7}},"type":"if","locations":[{"start":{"line":157,"column":6},"end":{"line":161,"column":7}},{"start":{"line":157,"column":6},"end":{"line":161,"column":7}}],"line":157},"8":{"loc":{"start":{"line":170,"column":14},"end":{"line":170,"column":100}},"type":"cond-expr","locations":[{"start":{"line":170,"column":43},"end":{"line":170,"column":82}},{"start":{"line":170,"column":85},"end":{"line":170,"column":100}}],"line":170},"9":{"loc":{"start":{"line":182,"column":4},"end":{"line":184,"column":5}},"type":"if","locations":[{"start":{"line":182,"column":4},"end":{"line":184,"column":5}},{"start":{"line":182,"column":4},"end":{"line":184,"column":5}}],"line":182},"10":{"loc":{"start":{"line":193,"column":4},"end":{"line":196,"column":5}},"type":"if","locations":[{"start":{"line":193,"column":4},"end":{"line":196,"column":5}},{"start":{"line":193,"column":4},"end":{"line":196,"column":5}}],"line":193},"11":{"loc":{"start":{"line":237,"column":4},"end":{"line":247,"column":5}},"type":"if","locations":[{"start":{"line":237,"column":4},"end":{"line":247,"column":5}},{"start":{"line":237,"column":4},"end":{"line":247,"column":5}}],"line":237},"12":{"loc":{"start":{"line":292,"column":16},"end":{"line":302,"column":21}},"type":"binary-expr","locations":[{"start":{"line":292,"column":17},"end":{"line":292,"column":51}},{"start":{"line":292,"column":55},"end":{"line":294,"column":17}},{"start":{"line":296,"column":16},"end":{"line":302,"column":21}}],"line":292},"13":{"loc":{"start":{"line":329,"column":100},"end":{"line":329,"column":197}},"type":"cond-expr","locations":[{"start":{"line":329,"column":130},"end":{"line":329,"column":160}},{"start":{"line":329,"column":163},"end":{"line":329,"column":197}}],"line":329},"14":{"loc":{"start":{"line":337,"column":25},"end":{"line":337,"column":143}},"type":"cond-expr","locations":[{"start":{"line":337,"column":76},"end":{"line":337,"column":110}},{"start":{"line":337,"column":113},"end":{"line":337,"column":143}}],"line":337},"15":{"loc":{"start":{"line":343,"column":100},"end":{"line":343,"column":200}},"type":"cond-expr","locations":[{"start":{"line":343,"column":133},"end":{"line":343,"column":163}},{"start":{"line":343,"column":166},"end":{"line":343,"column":200}}],"line":343},"16":{"loc":{"start":{"line":389,"column":8},"end":{"line":389,"column":110}},"type":"binary-expr","locations":[{"start":{"line":389,"column":9},"end":{"line":389,"column":21}},{"start":{"line":389,"column":25},"end":{"line":389,"column":59}},{"start":{"line":389,"column":64},"end":{"line":389,"column":110}}],"line":389}},"s":{"0":2,"1":2,"2":3,"3":3,"4":3,"5":3,"6":0,"7":0,"8":0,"9":0,"10":0,"11":0,"12":0,"13":3,"14":3,"15":0,"16":0,"17":0,"18":0,"19":0,"20":3,"21":0,"22":0,"23":0,"24":0,"25":0,"26":0,"27":0,"28":0,"29":3,"30":0,"31":0,"32":0,"33":0,"34":3,"35":1,"36":1,"37":0,"38":1,"39":1,"40":3,"41":0,"42":0,"43":0,"44":0,"45":1,"46":1,"47":1,"48":1,"49":1,"50":1,"51":1,"52":4,"53":4,"54":4,"55":4,"56":4,"57":4,"58":4,"59":4,"60":4,"61":4,"62":4,"63":4,"64":12,"65":4,"66":12,"67":7,"68":4,"69":8,"70":0,"71":7,"72":21,"73":4,"74":21},"f":{"0":3,"1":0,"2":3,"3":0,"4":0,"5":0,"6":0,"7":0,"8":1,"9":0,"10":1,"11":1,"12":4,"13":4,"14":12,"15":12,"16":7,"17":4,"18":8,"19":0,"20":7,"21":21,"22":4,"23":21},"b":{"0":[0,0],"1":[0,0],"2":[0,0],"3":[0,0],"4":[0,0],"5":[0,0],"6":[0,0],"7":[0,0],"8":[0,0],"9":[0,1],"10":[0,0],"11":[4,0],"12":[4,4,0],"13":[1,3],"14":[4,4],"15":[3,1],"16":[21,0,21]},"_coverageSchema":"43e27e138ebf9cfc5966b082cf9a028302ed4184","hash":"b5213797b03799d647f4e84409443a53c271b80b"}
,"/var/www/react-tailwind-table/src/types.ts": {"path":"/var/www/react-tailwind-table/src/types.ts","statementMap":{},"fnMap":{},"branchMap":{},"s":{},"f":{},"b":{},"hash":"35806b52e262333996c70423184050c23849a18c"}
,"/var/www/react-tailwind-table/src/svg-components/LeftSvg.tsx": {"path":"/var/www/react-tailwind-table/src/svg-components/LeftSvg.tsx","statementMap":{"0":{"start":{"line":6,"column":1},"end":{"line":12,"column":3}}},"fnMap":{"0":{"name":"LeftSvg","decl":{"start":{"line":3,"column":24},"end":{"line":3,"column":31}},"loc":{"start":{"line":3,"column":107},"end":{"line":13,"column":1}},"line":3}},"branchMap":{"0":{"loc":{"start":{"line":8,"column":45},"end":{"line":8,"column":66}},"type":"binary-expr","locations":[{"start":{"line":8,"column":45},"end":{"line":8,"column":60}},{"start":{"line":8,"column":64},"end":{"line":8,"column":66}}],"line":8}},"s":{"0":4},"f":{"0":4},"b":{"0":[4,0]},"_coverageSchema":"43e27e138ebf9cfc5966b082cf9a028302ed4184","hash":"90de9dbe65f3d7f2ed5c79171789fdc516bc47b4"}
,"/var/www/react-tailwind-table/src/svg-components/RightSvg.tsx": {"path":"/var/www/react-tailwind-table/src/svg-components/RightSvg.tsx","statementMap":{"0":{"start":{"line":7,"column":1},"end":{"line":11,"column":3}}},"fnMap":{"0":{"name":"RightSvg","decl":{"start":{"line":3,"column":24},"end":{"line":3,"column":32}},"loc":{"start":{"line":3,"column":107},"end":{"line":12,"column":1}},"line":3}},"branchMap":{"0":{"loc":{"start":{"line":8,"column":45},"end":{"line":8,"column":66}},"type":"binary-expr","locations":[{"start":{"line":8,"column":45},"end":{"line":8,"column":60}},{"start":{"line":8,"column":64},"end":{"line":8,"column":66}}],"line":8}},"s":{"0":4},"f":{"0":4},"b":{"0":[4,0]},"_coverageSchema":"43e27e138ebf9cfc5966b082cf9a028302ed4184","hash":"3dc997e6f5461e1e9e9d374682d0f91fe5699070"}
,"/var/www/react-tailwind-table/src/svg-components/ThreeDotsvg.tsx": {"path":"/var/www/react-tailwind-table/src/svg-components/ThreeDotsvg.tsx","statementMap":{"0":{"start":{"line":6,"column":4},"end":{"line":16,"column":6}}},"fnMap":{"0":{"name":"ThreeDotsvg","decl":{"start":{"line":3,"column":24},"end":{"line":3,"column":35}},"loc":{"start":{"line":3,"column":69},"end":{"line":17,"column":1}},"line":3}},"branchMap":{"0":{"loc":{"start":{"line":7,"column":46},"end":{"line":7,"column":67}},"type":"binary-expr","locations":[{"start":{"line":7,"column":46},"end":{"line":7,"column":61}},{"start":{"line":7,"column":65},"end":{"line":7,"column":67}}],"line":7}},"s":{"0":4},"f":{"0":4},"b":{"0":[4,4]},"_coverageSchema":"43e27e138ebf9cfc5966b082cf9a028302ed4184","hash":"2a00794ddaec3825015ab35ed6abe2f193ece668"}
,"/var/www/react-tailwind-table/src/utilities/utils.ts": {"path":"/var/www/react-tailwind-table/src/utilities/utils.ts","statementMap":{"0":{"start":{"line":19,"column":2},"end":{"line":33,"column":4}},"1":{"start":{"line":20,"column":17},"end":{"line":20,"column":21}},"2":{"start":{"line":21,"column":11},"end":{"line":21,"column":20}},"3":{"start":{"line":22,"column":19},"end":{"line":25,"column":4}},"4":{"start":{"line":23,"column":4},"end":{"line":23,"column":24}},"5":{"start":{"line":24,"column":4},"end":{"line":24,"column":30}},"6":{"start":{"line":29,"column":3},"end":{"line":29,"column":46}},"7":{"start":{"line":29,"column":17},"end":{"line":29,"column":46}},"8":{"start":{"line":32,"column":3},"end":{"line":32,"column":74}},"9":{"start":{"line":32,"column":29},"end":{"line":32,"column":74}},"10":{"start":{"line":44,"column":19},"end":{"line":46,"column":2}},"11":{"start":{"line":45,"column":2},"end":{"line":45,"column":40}},"12":{"start":{"line":54,"column":19},"end":{"line":56,"column":2}},"13":{"start":{"line":55,"column":2},"end":{"line":55,"column":39}},"14":{"start":{"line":67,"column":14},"end":{"line":67,"column":30}},"15":{"start":{"line":68,"column":20},"end":{"line":68,"column":33}},"16":{"start":{"line":69,"column":1},"end":{"line":71,"column":2}},"17":{"start":{"line":70,"column":2},"end":{"line":70,"column":30}},"18":{"start":{"line":73,"column":21},"end":{"line":73,"column":31}},"19":{"start":{"line":75,"column":27},"end":{"line":75,"column":28}},"20":{"start":{"line":78,"column":1},"end":{"line":84,"column":2}},"21":{"start":{"line":80,"column":2},"end":{"line":80,"column":43}},"22":{"start":{"line":83,"column":2},"end":{"line":83,"column":16}},"23":{"start":{"line":95,"column":1},"end":{"line":95,"column":17}},"24":{"start":{"line":100,"column":21},"end":{"line":100,"column":29}},"25":{"start":{"line":102,"column":27},"end":{"line":102,"column":40}},"26":{"start":{"line":105,"column":20},"end":{"line":105,"column":37}},"27":{"start":{"line":107,"column":24},"end":{"line":107,"column":61}},"28":{"start":{"line":109,"column":69},"end":{"line":109,"column":70}},"29":{"start":{"line":110,"column":50},"end":{"line":110,"column":51}},"30":{"start":{"line":111,"column":33},"end":{"line":111,"column":35}},"31":{"start":{"line":112,"column":24},"end":{"line":112,"column":26}},"32":{"start":{"line":114,"column":2},"end":{"line":144,"column":3}},"33":{"start":{"line":114,"column":15},"end":{"line":114,"column":16}},"34":{"start":{"line":115,"column":3},"end":{"line":115,"column":18}},"35":{"start":{"line":117,"column":3},"end":{"line":117,"column":52}},"36":{"start":{"line":121,"column":3},"end":{"line":121,"column":53}},"37":{"start":{"line":123,"column":3},"end":{"line":123,"column":40}},"38":{"start":{"line":125,"column":39},"end":{"line":125,"column":101}},"39":{"start":{"line":127,"column":3},"end":{"line":132,"column":4}},"40":{"start":{"line":135,"column":3},"end":{"line":137,"column":4}},"41":{"start":{"line":136,"column":4},"end":{"line":136,"column":59}},"42":{"start":{"line":140,"column":3},"end":{"line":140,"column":25}},"43":{"start":{"line":143,"column":3},"end":{"line":143,"column":49}},"44":{"start":{"line":146,"column":2},"end":{"line":152,"column":3}},"45":{"start":{"line":164,"column":12},"end":{"line":164,"column":49}},"46":{"start":{"line":167,"column":1},"end":{"line":167,"column":66}},"47":{"start":{"line":167,"column":53},"end":{"line":167,"column":66}},"48":{"start":{"line":170,"column":1},"end":{"line":170,"column":75}},"49":{"start":{"line":170,"column":62},"end":{"line":170,"column":75}},"50":{"start":{"line":173,"column":16},"end":{"line":173,"column":101}},"51":{"start":{"line":174,"column":16},"end":{"line":174,"column":101}},"52":{"start":{"line":175,"column":1},"end":{"line":175,"column":41}},"53":{"start":{"line":175,"column":28},"end":{"line":175,"column":41}},"54":{"start":{"line":180,"column":1},"end":{"line":180,"column":34}},"55":{"start":{"line":180,"column":22},"end":{"line":180,"column":34}},"56":{"start":{"line":184,"column":1},"end":{"line":196,"column":2}},"57":{"start":{"line":185,"column":2},"end":{"line":188,"column":3}},"58":{"start":{"line":185,"column":15},"end":{"line":185,"column":16}},"59":{"start":{"line":187,"column":3},"end":{"line":187,"column":85}},"60":{"start":{"line":187,"column":72},"end":{"line":187,"column":85}},"61":{"start":{"line":190,"column":2},"end":{"line":195,"column":3}},"62":{"start":{"line":192,"column":3},"end":{"line":194,"column":4}},"63":{"start":{"line":193,"column":4},"end":{"line":193,"column":88}},"64":{"start":{"line":193,"column":75},"end":{"line":193,"column":88}},"65":{"start":{"line":199,"column":1},"end":{"line":199,"column":13}},"66":{"start":{"line":209,"column":16},"end":{"line":209,"column":53}},"67":{"start":{"line":214,"column":1},"end":{"line":217,"column":2}},"68":{"start":{"line":216,"column":2},"end":{"line":216,"column":79}},"69":{"start":{"line":216,"column":66},"end":{"line":216,"column":79}},"70":{"start":{"line":220,"column":1},"end":{"line":239,"column":2}},"71":{"start":{"line":222,"column":2},"end":{"line":222,"column":73}},"72":{"start":{"line":222,"column":60},"end":{"line":222,"column":73}},"73":{"start":{"line":229,"column":2},"end":{"line":229,"column":71}},"74":{"start":{"line":229,"column":58},"end":{"line":229,"column":71}},"75":{"start":{"line":233,"column":2},"end":{"line":237,"column":3}},"76":{"start":{"line":234,"column":3},"end":{"line":234,"column":59}},"77":{"start":{"line":234,"column":46},"end":{"line":234,"column":59}},"78":{"start":{"line":236,"column":3},"end":{"line":236,"column":37}},"79":{"start":{"line":236,"column":24},"end":{"line":236,"column":37}},"80":{"start":{"line":241,"column":1},"end":{"line":241,"column":13}},"81":{"start":{"line":260,"column":1},"end":{"line":263,"column":2}},"82":{"start":{"line":265,"column":1},"end":{"line":277,"column":2}},"83":{"start":{"line":268,"column":2},"end":{"line":276,"column":16}},"84":{"start":{"line":271,"column":4},"end":{"line":271,"column":41}},"85":{"start":{"line":275,"column":4},"end":{"line":275,"column":47}},"86":{"start":{"line":279,"column":1},"end":{"line":279,"column":20}},"87":{"start":{"line":286,"column":28},"end":{"line":286,"column":30}},"88":{"start":{"line":287,"column":1},"end":{"line":294,"column":2}},"89":{"start":{"line":287,"column":14},"end":{"line":287,"column":15}},"90":{"start":{"line":287,"column":23},"end":{"line":287,"column":37}},"91":{"start":{"line":288,"column":2},"end":{"line":290,"column":3}},"92":{"start":{"line":289,"column":3},"end":{"line":289,"column":12}},"93":{"start":{"line":293,"column":2},"end":{"line":293,"column":74}},"94":{"start":{"line":296,"column":1},"end":{"line":296,"column":18}},"95":{"start":{"line":303,"column":1},"end":{"line":305,"column":5}},"96":{"start":{"line":319,"column":1},"end":{"line":325,"column":3}},"97":{"start":{"line":323,"column":15},"end":{"line":323,"column":49}},"98":{"start":{"line":324,"column":2},"end":{"line":324,"column":61}},"99":{"start":{"line":339,"column":1},"end":{"line":339,"column":56}},"100":{"start":{"line":341,"column":1},"end":{"line":341,"column":43}},"101":{"start":{"line":345,"column":21},"end":{"line":345,"column":39}},"102":{"start":{"line":348,"column":1},"end":{"line":348,"column":47}},"103":{"start":{"line":361,"column":1},"end":{"line":361,"column":54}}},"fnMap":{"0":{"name":"(anonymous_0)","decl":{"start":{"line":17,"column":1},"end":{"line":17,"column":2}},"loc":{"start":{"line":17,"column":101},"end":{"line":34,"column":2}},"line":17},"1":{"name":"(anonymous_1)","decl":{"start":{"line":19,"column":9},"end":{"line":19,"column":10}},"loc":{"start":{"line":19,"column":39},"end":{"line":33,"column":3}},"line":19},"2":{"name":"(anonymous_2)","decl":{"start":{"line":22,"column":19},"end":{"line":22,"column":20}},"loc":{"start":{"line":22,"column":30},"end":{"line":25,"column":4}},"line":22},"3":{"name":"(anonymous_3)","decl":{"start":{"line":44,"column":19},"end":{"line":44,"column":20}},"loc":{"start":{"line":44,"column":58},"end":{"line":46,"column":2}},"line":44},"4":{"name":"(anonymous_4)","decl":{"start":{"line":54,"column":19},"end":{"line":54,"column":20}},"loc":{"start":{"line":54,"column":58},"end":{"line":56,"column":2}},"line":54},"5":{"name":"(anonymous_5)","decl":{"start":{"line":59,"column":1},"end":{"line":59,"column":2}},"loc":{"start":{"line":59,"column":55},"end":{"line":96,"column":1}},"line":59},"6":{"name":"(anonymous_6)","decl":{"start":{"line":98,"column":1},"end":{"line":98,"column":2}},"loc":{"start":{"line":98,"column":74},"end":{"line":153,"column":2}},"line":98},"7":{"name":"(anonymous_7)","decl":{"start":{"line":161,"column":0},"end":{"line":161,"column":1}},"loc":{"start":{"line":161,"column":113},"end":{"line":201,"column":1}},"line":161},"8":{"name":"(anonymous_8)","decl":{"start":{"line":206,"column":0},"end":{"line":206,"column":1}},"loc":{"start":{"line":206,"column":167},"end":{"line":242,"column":1}},"line":206},"9":{"name":"(anonymous_9)","decl":{"start":{"line":259,"column":0},"end":{"line":259,"column":1}},"loc":{"start":{"line":259,"column":62},"end":{"line":280,"column":1}},"line":259},"10":{"name":"(anonymous_10)","decl":{"start":{"line":270,"column":11},"end":{"line":270,"column":12}},"loc":{"start":{"line":270,"column":23},"end":{"line":272,"column":4}},"line":270},"11":{"name":"(anonymous_11)","decl":{"start":{"line":274,"column":8},"end":{"line":274,"column":9}},"loc":{"start":{"line":274,"column":28},"end":{"line":276,"column":4}},"line":274},"12":{"name":"(anonymous_12)","decl":{"start":{"line":285,"column":0},"end":{"line":285,"column":1}},"loc":{"start":{"line":285,"column":58},"end":{"line":297,"column":1}},"line":285},"13":{"name":"(anonymous_13)","decl":{"start":{"line":301,"column":0},"end":{"line":301,"column":1}},"loc":{"start":{"line":301,"column":64},"end":{"line":306,"column":1}},"line":301},"14":{"name":"(anonymous_14)","decl":{"start":{"line":312,"column":0},"end":{"line":312,"column":1}},"loc":{"start":{"line":312,"column":89},"end":{"line":328,"column":1}},"line":312},"15":{"name":"ffn","decl":{"start":{"line":319,"column":17},"end":{"line":319,"column":20}},"loc":{"start":{"line":319,"column":32},"end":{"line":325,"column":2}},"line":319},"16":{"name":"(anonymous_16)","decl":{"start":{"line":338,"column":0},"end":{"line":338,"column":1}},"loc":{"start":{"line":338,"column":42},"end":{"line":342,"column":1}},"line":338},"17":{"name":"(anonymous_17)","decl":{"start":{"line":347,"column":0},"end":{"line":347,"column":1}},"loc":{"start":{"line":347,"column":47},"end":{"line":349,"column":1}},"line":347},"18":{"name":"(anonymous_18)","decl":{"start":{"line":359,"column":0},"end":{"line":359,"column":1}},"loc":{"start":{"line":359,"column":42},"end":{"line":362,"column":1}},"line":359}},"branchMap":{"0":{"loc":{"start":{"line":29,"column":3},"end":{"line":29,"column":46}},"type":"if","locations":[{"start":{"line":29,"column":3},"end":{"line":29,"column":46}},{"start":{"line":29,"column":3},"end":{"line":29,"column":46}}],"line":29},"1":{"loc":{"start":{"line":32,"column":3},"end":{"line":32,"column":74}},"type":"if","locations":[{"start":{"line":32,"column":3},"end":{"line":32,"column":74}},{"start":{"line":32,"column":3},"end":{"line":32,"column":74}}],"line":32},"2":{"loc":{"start":{"line":32,"column":7},"end":{"line":32,"column":27}},"type":"binary-expr","locations":[{"start":{"line":32,"column":7},"end":{"line":32,"column":15}},{"start":{"line":32,"column":19},"end":{"line":32,"column":27}}],"line":32},"3":{"loc":{"start":{"line":69,"column":1},"end":{"line":71,"column":2}},"type":"if","locations":[{"start":{"line":69,"column":1},"end":{"line":71,"column":2}},{"start":{"line":69,"column":1},"end":{"line":71,"column":2}}],"line":69},"4":{"loc":{"start":{"line":98,"column":39},"end":{"line":98,"column":59}},"type":"default-arg","locations":[{"start":{"line":98,"column":58},"end":{"line":98,"column":59}}],"line":98},"5":{"loc":{"start":{"line":129,"column":27},"end":{"line":129,"column":60}},"type":"cond-expr","locations":[{"start":{"line":129,"column":48},"end":{"line":129,"column":53}},{"start":{"line":129,"column":56},"end":{"line":129,"column":60}}],"line":129},"6":{"loc":{"start":{"line":135,"column":3},"end":{"line":137,"column":4}},"type":"if","locations":[{"start":{"line":135,"column":3},"end":{"line":137,"column":4}},{"start":{"line":135,"column":3},"end":{"line":137,"column":4}}],"line":135},"7":{"loc":{"start":{"line":167,"column":1},"end":{"line":167,"column":66}},"type":"if","locations":[{"start":{"line":167,"column":1},"end":{"line":167,"column":66}},{"start":{"line":167,"column":1},"end":{"line":167,"column":66}}],"line":167},"8":{"loc":{"start":{"line":170,"column":1},"end":{"line":170,"column":75}},"type":"if","locations":[{"start":{"line":170,"column":1},"end":{"line":170,"column":75}},{"start":{"line":170,"column":1},"end":{"line":170,"column":75}}],"line":170},"9":{"loc":{"start":{"line":173,"column":16},"end":{"line":173,"column":101}},"type":"cond-expr","locations":[{"start":{"line":173,"column":44},"end":{"line":173,"column":66}},{"start":{"line":173,"column":69},"end":{"line":173,"column":101}}],"line":173},"10":{"loc":{"start":{"line":174,"column":16},"end":{"line":174,"column":101}},"type":"cond-expr","locations":[{"start":{"line":174,"column":44},"end":{"line":174,"column":66}},{"start":{"line":174,"column":69},"end":{"line":174,"column":101}}],"line":174},"11":{"loc":{"start":{"line":175,"column":1},"end":{"line":175,"column":41}},"type":"if","locations":[{"start":{"line":175,"column":1},"end":{"line":175,"column":41}},{"start":{"line":175,"column":1},"end":{"line":175,"column":41}}],"line":175},"12":{"loc":{"start":{"line":180,"column":1},"end":{"line":180,"column":34}},"type":"if","locations":[{"start":{"line":180,"column":1},"end":{"line":180,"column":34}},{"start":{"line":180,"column":1},"end":{"line":180,"column":34}}],"line":180},"13":{"loc":{"start":{"line":184,"column":1},"end":{"line":196,"column":2}},"type":"if","locations":[{"start":{"line":184,"column":1},"end":{"line":196,"column":2}},{"start":{"line":184,"column":1},"end":{"line":196,"column":2}}],"line":184},"14":{"loc":{"start":{"line":187,"column":3},"end":{"line":187,"column":85}},"type":"if","locations":[{"start":{"line":187,"column":3},"end":{"line":187,"column":85}},{"start":{"line":187,"column":3},"end":{"line":187,"column":85}}],"line":187},"15":{"loc":{"start":{"line":192,"column":3},"end":{"line":194,"column":4}},"type":"if","locations":[{"start":{"line":192,"column":3},"end":{"line":194,"column":4}},{"start":{"line":192,"column":3},"end":{"line":194,"column":4}}],"line":192},"16":{"loc":{"start":{"line":193,"column":4},"end":{"line":193,"column":88}},"type":"if","locations":[{"start":{"line":193,"column":4},"end":{"line":193,"column":88}},{"start":{"line":193,"column":4},"end":{"line":193,"column":88}}],"line":193},"17":{"loc":{"start":{"line":214,"column":1},"end":{"line":217,"column":2}},"type":"if","locations":[{"start":{"line":214,"column":1},"end":{"line":217,"column":2}},{"start":{"line":214,"column":1},"end":{"line":217,"column":2}}],"line":214},"18":{"loc":{"start":{"line":216,"column":2},"end":{"line":216,"column":79}},"type":"if","locations":[{"start":{"line":216,"column":2},"end":{"line":216,"column":79}},{"start":{"line":216,"column":2},"end":{"line":216,"column":79}}],"line":216},"19":{"loc":{"start":{"line":220,"column":1},"end":{"line":239,"column":2}},"type":"if","locations":[{"start":{"line":220,"column":1},"end":{"line":239,"column":2}},{"start":{"line":220,"column":1},"end":{"line":239,"column":2}}],"line":220},"20":{"loc":{"start":{"line":222,"column":2},"end":{"line":222,"column":73}},"type":"if","locations":[{"start":{"line":222,"column":2},"end":{"line":222,"column":73}},{"start":{"line":222,"column":2},"end":{"line":222,"column":73}}],"line":222},"21":{"loc":{"start":{"line":229,"column":2},"end":{"line":229,"column":71}},"type":"if","locations":[{"start":{"line":229,"column":2},"end":{"line":229,"column":71}},{"start":{"line":229,"column":2},"end":{"line":229,"column":71}}],"line":229},"22":{"loc":{"start":{"line":233,"column":2},"end":{"line":237,"column":3}},"type":"if","locations":[{"start":{"line":233,"column":2},"end":{"line":237,"column":3}},{"start":{"line":233,"column":2},"end":{"line":237,"column":3}}],"line":233},"23":{"loc":{"start":{"line":234,"column":3},"end":{"line":234,"column":59}},"type":"if","locations":[{"start":{"line":234,"column":3},"end":{"line":234,"column":59}},{"start":{"line":234,"column":3},"end":{"line":234,"column":59}}],"line":234},"24":{"loc":{"start":{"line":236,"column":3},"end":{"line":236,"column":37}},"type":"if","locations":[{"start":{"line":236,"column":3},"end":{"line":236,"column":37}},{"start":{"line":236,"column":3},"end":{"line":236,"column":37}}],"line":236},"25":{"loc":{"start":{"line":260,"column":1},"end":{"line":263,"column":2}},"type":"if","locations":[{"start":{"line":260,"column":1},"end":{"line":263,"column":2}},{"start":{"line":260,"column":1},"end":{"line":263,"column":2}}],"line":260},"26":{"loc":{"start":{"line":260,"column":5},"end":{"line":260,"column":47}},"type":"binary-expr","locations":[{"start":{"line":260,"column":5},"end":{"line":260,"column":31}},{"start":{"line":260,"column":35},"end":{"line":260,"column":47}}],"line":260},"27":{"loc":{"start":{"line":265,"column":1},"end":{"line":277,"column":2}},"type":"if","locations":[{"start":{"line":265,"column":1},"end":{"line":277,"column":2}},{"start":{"line":265,"column":1},"end":{"line":277,"column":2}}],"line":265},"28":{"loc":{"start":{"line":265,"column":5},"end":{"line":265,"column":52}},"type":"binary-expr","locations":[{"start":{"line":265,"column":5},"end":{"line":265,"column":26}},{"start":{"line":265,"column":30},"end":{"line":265,"column":52}}],"line":265},"29":{"loc":{"start":{"line":271,"column":11},"end":{"line":271,"column":40}},"type":"binary-expr","locations":[{"start":{"line":271,"column":11},"end":{"line":271,"column":26}},{"start":{"line":271,"column":30},"end":{"line":271,"column":40}}],"line":271},"30":{"loc":{"start":{"line":288,"column":2},"end":{"line":290,"column":3}},"type":"if","locations":[{"start":{"line":288,"column":2},"end":{"line":290,"column":3}},{"start":{"line":288,"column":2},"end":{"line":290,"column":3}}],"line":288},"31":{"loc":{"start":{"line":303,"column":8},"end":{"line":305,"column":4}},"type":"cond-expr","locations":[{"start":{"line":304,"column":2},"end":{"line":304,"column":61}},{"start":{"line":305,"column":2},"end":{"line":305,"column":4}}],"line":303},"32":{"loc":{"start":{"line":303,"column":9},"end":{"line":303,"column":48}},"type":"binary-expr","locations":[{"start":{"line":303,"column":9},"end":{"line":303,"column":32}},{"start":{"line":303,"column":36},"end":{"line":303,"column":48}}],"line":303}},"s":{"0":2,"1":7,"2":7,"3":7,"4":2,"5":2,"6":7,"7":2,"8":7,"9":3,"10":3,"11":1,"12":3,"13":1,"14":24,"15":24,"16":24,"17":15,"18":9,"19":9,"20":9,"21":20,"22":20,"23":9,"24":3,"25":3,"26":3,"27":3,"28":3,"29":3,"30":3,"31":3,"32":3,"33":3,"34":6,"35":6,"36":6,"37":6,"38":6,"39":6,"40":6,"41":3,"42":6,"43":6,"44":3,"45":583,"46":583,"47":1,"48":582,"49":0,"50":582,"51":582,"52":582,"53":0,"54":582,"55":108,"56":474,"57":2,"58":2,"59":216,"60":0,"61":472,"62":799,"63":799,"64":0,"65":474,"66":1015,"67":1015,"68":0,"69":0,"70":1015,"71":579,"72":0,"73":436,"74":0,"75":436,"76":0,"77":0,"78":436,"79":0,"80":1015,"81":0,"82":0,"83":0,"84":0,"85":0,"86":0,"87":1,"88":1,"89":1,"90":1,"91":3,"92":1,"93":2,"94":1,"95":0,"96":0,"97":0,"98":0,"99":0,"100":0,"101":3,"102":0,"103":0},"f":{"0":2,"1":7,"2":2,"3":1,"4":1,"5":24,"6":3,"7":583,"8":1015,"9":0,"10":0,"11":0,"12":1,"13":0,"14":0,"15":0,"16":0,"17":0,"18":0},"b":{"0":[2,5],"1":[3,4],"2":[7,5],"3":[15,9],"4":[0],"5":[3,3],"6":[3,3],"7":[1,582],"8":[0,582],"9":[2,580],"10":[2,580],"11":[0,582],"12":[108,474],"13":[2,472],"14":[0,216],"15":[799,0],"16":[0,799],"17":[0,1015],"18":[0,0],"19":[579,436],"20":[0,579],"21":[0,436],"22":[0,436],"23":[0,0],"24":[0,436],"25":[0,0],"26":[0,0],"27":[0,0],"28":[0,0],"29":[0,0],"30":[1,2],"31":[0,0],"32":[0,0]},"_coverageSchema":"43e27e138ebf9cfc5966b082cf9a028302ed4184","hash":"9bd059f9b4dc9ff2fea7e4d0924cfeeee6898617"}
}
