TN:
SF:/var/www/react-tailwind-table/src/index.tsx
FN:9,(anonymous_0)
FN:22,column
FN:42,fakePlayers
FNF:3
FNH:0
FNDA:0,(anonymous_0)
FNDA:0,column
FNDA:0,fakePlayers
DA:9,1
DA:11,0
DA:23,0
DA:44,0
LF:4
LH:1
BRF:0
BRH:0
end_of_record
TN:
SF:/var/www/react-tailwind-table/src/table.tsx
FN:54,(anonymous_0)
FN:88,(anonymous_1)
FN:115,(anonymous_2)
FN:123,(anonymous_3)
FN:135,(anonymous_4)
FN:165,(anonymous_5)
FN:169,(anonymous_6)
FN:173,(anonymous_7)
FN:180,(anonymous_8)
FN:191,(anonymous_9)
FN:202,(anonymous_10)
FN:218,(anonymous_11)
FN:232,(anonymous_12)
FN:260,(anonymous_13)
FN:262,(anonymous_14)
FN:282,(anonymous_15)
FN:292,(anonymous_16)
FN:323,Pagination
FN:331,(anonymous_18)
FN:333,(anonymous_19)
FN:349,TableRow
FN:353,(anonymous_21)
FN:362,SearchForm
FN:381,TableData
FNF:24
FNH:16
FNDA:3,(anonymous_0)
FNDA:0,(anonymous_1)
FNDA:3,(anonymous_2)
FNDA:0,(anonymous_3)
FNDA:0,(anonymous_4)
FNDA:0,(anonymous_5)
FNDA:0,(anonymous_6)
FNDA:0,(anonymous_7)
FNDA:1,(anonymous_8)
FNDA:0,(anonymous_9)
FNDA:1,(anonymous_10)
FNDA:1,(anonymous_11)
FNDA:4,(anonymous_12)
FNDA:4,(anonymous_13)
FNDA:12,(anonymous_14)
FNDA:12,(anonymous_15)
FNDA:7,(anonymous_16)
FNDA:4,Pagination
FNDA:8,(anonymous_18)
FNDA:0,(anonymous_19)
FNDA:7,TableRow
FNDA:21,(anonymous_21)
FNDA:4,SearchForm
FNDA:21,TableData
DA:37,2
DA:44,2
DA:56,3
DA:58,3
DA:60,3
DA:71,3
DA:95,0
DA:97,0
DA:98,0
DA:102,0
DA:103,0
DA:105,0
DA:106,0
DA:117,3
DA:123,3
DA:124,0
DA:125,0
DA:126,0
DA:129,0
DA:131,0
DA:135,3
DA:137,0
DA:138,0
DA:141,0
DA:144,0
DA:145,0
DA:151,0
DA:157,0
DA:159,0
DA:165,3
DA:169,0
DA:170,0
DA:173,0
DA:175,0
DA:180,3
DA:181,1
DA:182,1
DA:183,0
DA:186,1
DA:188,1
DA:191,3
DA:192,0
DA:193,0
DA:195,0
DA:198,0
DA:204,1
DA:206,1
DA:208,1
DA:210,1
DA:213,1
DA:214,1
DA:220,1
DA:233,4
DA:234,4
DA:235,4
DA:236,4
DA:237,4
DA:239,4
DA:242,4
DA:243,4
DA:246,4
DA:249,4
DA:261,4
DA:262,4
DA:264,12
DA:267,4
DA:283,12
DA:293,7
DA:325,4
DA:332,8
DA:333,0
DA:350,7
DA:354,21
DA:365,4
DA:385,21
LF:75
LH:45
BRDA:95,0,0,0
BRDA:95,0,1,0
BRDA:95,1,0,0
BRDA:95,1,1,0
BRDA:102,2,0,0
BRDA:102,2,1,0
BRDA:103,3,0,0
BRDA:103,3,1,0
BRDA:125,4,0,0
BRDA:125,4,1,0
BRDA:141,5,0,0
BRDA:141,5,1,0
BRDA:144,6,0,0
BRDA:144,6,1,0
BRDA:157,7,0,0
BRDA:157,7,1,0
BRDA:170,8,0,0
BRDA:170,8,1,0
BRDA:182,9,0,0
BRDA:182,9,1,1
BRDA:193,10,0,0
BRDA:193,10,1,0
BRDA:237,11,0,4
BRDA:237,11,1,0
BRDA:292,12,0,4
BRDA:292,12,1,4
BRDA:292,12,2,0
BRDA:329,13,0,1
BRDA:329,13,1,3
BRDA:337,14,0,4
BRDA:337,14,1,4
BRDA:343,15,0,3
BRDA:343,15,1,1
BRDA:389,16,0,21
BRDA:389,16,1,0
BRDA:389,16,2,21
BRF:36
BRH:12
end_of_record
TN:
SF:/var/www/react-tailwind-table/src/types.ts
FNF:0
FNH:0
LF:0
LH:0
BRF:0
BRH:0
end_of_record
TN:
SF:/var/www/react-tailwind-table/src/svg-components/LeftSvg.tsx
FN:3,LeftSvg
FNF:1
FNH:1
FNDA:4,LeftSvg
DA:6,4
LF:1
LH:1
BRDA:8,0,0,4
BRDA:8,0,1,0
BRF:2
BRH:1
end_of_record
TN:
SF:/var/www/react-tailwind-table/src/svg-components/RightSvg.tsx
FN:3,RightSvg
FNF:1
FNH:1
FNDA:4,RightSvg
DA:7,4
LF:1
LH:1
BRDA:8,0,0,4
BRDA:8,0,1,0
BRF:2
BRH:1
end_of_record
TN:
SF:/var/www/react-tailwind-table/src/svg-components/ThreeDotsvg.tsx
FN:3,ThreeDotsvg
FNF:1
FNH:1
FNDA:4,ThreeDotsvg
DA:6,4
LF:1
LH:1
BRDA:7,0,0,4
BRDA:7,0,1,4
BRF:2
BRH:2
end_of_record
TN:
SF:/var/www/react-tailwind-table/src/utilities/utils.ts
FN:17,(anonymous_0)
FN:19,(anonymous_1)
FN:22,(anonymous_2)
FN:44,(anonymous_3)
FN:54,(anonymous_4)
FN:59,(anonymous_5)
FN:98,(anonymous_6)
FN:161,(anonymous_7)
FN:206,(anonymous_8)
FN:259,(anonymous_9)
FN:270,(anonymous_10)
FN:274,(anonymous_11)
FN:285,(anonymous_12)
FN:301,(anonymous_13)
FN:312,(anonymous_14)
FN:319,ffn
FN:338,(anonymous_16)
FN:347,(anonymous_17)
FN:359,(anonymous_18)
FNF:19
FNH:10
FNDA:2,(anonymous_0)
FNDA:7,(anonymous_1)
FNDA:2,(anonymous_2)
FNDA:1,(anonymous_3)
FNDA:1,(anonymous_4)
FNDA:24,(anonymous_5)
FNDA:3,(anonymous_6)
FNDA:583,(anonymous_7)
FNDA:1015,(anonymous_8)
FNDA:0,(anonymous_9)
FNDA:0,(anonymous_10)
FNDA:0,(anonymous_11)
FNDA:1,(anonymous_12)
FNDA:0,(anonymous_13)
FNDA:0,(anonymous_14)
FNDA:0,ffn
FNDA:0,(anonymous_16)
FNDA:0,(anonymous_17)
FNDA:0,(anonymous_18)
DA:19,2
DA:20,7
DA:21,7
DA:22,7
DA:23,2
DA:24,2
DA:29,7
DA:32,7
DA:44,3
DA:45,1
DA:54,3
DA:55,1
DA:67,24
DA:68,24
DA:69,24
DA:70,15
DA:73,9
DA:75,9
DA:78,9
DA:80,20
DA:83,20
DA:95,9
DA:100,3
DA:102,3
DA:105,3
DA:107,3
DA:109,3
DA:110,3
DA:111,3
DA:112,3
DA:114,3
DA:115,6
DA:117,6
DA:121,6
DA:123,6
DA:125,6
DA:127,6
DA:135,6
DA:136,3
DA:140,6
DA:143,6
DA:146,3
DA:164,583
DA:167,583
DA:170,582
DA:173,582
DA:174,582
DA:175,582
DA:180,582
DA:184,474
DA:185,2
DA:187,216
DA:190,472
DA:192,799
DA:193,799
DA:199,474
DA:209,1015
DA:214,1015
DA:216,0
DA:220,1015
DA:222,579
DA:229,436
DA:233,436
DA:234,0
DA:236,436
DA:241,1015
DA:260,0
DA:265,0
DA:268,0
DA:271,0
DA:275,0
DA:279,0
DA:286,1
DA:287,1
DA:288,3
DA:289,1
DA:293,2
DA:296,1
DA:303,0
DA:319,0
DA:323,0
DA:324,0
DA:339,0
DA:341,0
DA:345,3
DA:348,0
DA:361,0
LF:87
LH:71
BRDA:29,0,0,2
BRDA:29,0,1,5
BRDA:32,1,0,3
BRDA:32,1,1,4
BRDA:32,2,0,7
BRDA:32,2,1,5
BRDA:69,3,0,15
BRDA:69,3,1,9
BRDA:98,4,0,0
BRDA:129,5,0,3
BRDA:129,5,1,3
BRDA:135,6,0,3
BRDA:135,6,1,3
BRDA:167,7,0,1
BRDA:167,7,1,582
BRDA:170,8,0,0
BRDA:170,8,1,582
BRDA:173,9,0,2
BRDA:173,9,1,580
BRDA:174,10,0,2
BRDA:174,10,1,580
BRDA:175,11,0,0
BRDA:175,11,1,582
BRDA:180,12,0,108
BRDA:180,12,1,474
BRDA:184,13,0,2
BRDA:184,13,1,472
BRDA:187,14,0,0
BRDA:187,14,1,216
BRDA:192,15,0,799
BRDA:192,15,1,0
BRDA:193,16,0,0
BRDA:193,16,1,799
BRDA:214,17,0,0
BRDA:214,17,1,1015
BRDA:216,18,0,0
BRDA:216,18,1,0
BRDA:220,19,0,579
BRDA:220,19,1,436
BRDA:222,20,0,0
BRDA:222,20,1,579
BRDA:229,21,0,0
BRDA:229,21,1,436
BRDA:233,22,0,0
BRDA:233,22,1,436
BRDA:234,23,0,0
BRDA:234,23,1,0
BRDA:236,24,0,0
BRDA:236,24,1,436
BRDA:260,25,0,0
BRDA:260,25,1,0
BRDA:260,26,0,0
BRDA:260,26,1,0
BRDA:265,27,0,0
BRDA:265,27,1,0
BRDA:265,28,0,0
BRDA:265,28,1,0
BRDA:271,29,0,0
BRDA:271,29,1,0
BRDA:288,30,0,1
BRDA:288,30,1,2
BRDA:303,31,0,0
BRDA:303,31,1,0
BRDA:303,32,0,0
BRDA:303,32,1,0
BRF:65
BRH:36
end_of_record
